2022-09-29 11:44:03,208 [INFO] com.productcategoryapp.api.ProductCategoryAppApiApplication [restartedMain] Starting ProductCategoryAppApiApplication using Java 17.0.4 on DESKTOP-2UIAP52 with PID 20132 (C:\Users\NIPUN\Documents\workspace-spring-tool-suite-4-4.15.3.RELEASE\product-category-app-api\target\classes started by NIPUN in C:\Users\NIPUN\Documents\workspace-spring-tool-suite-4-4.15.3.RELEASE\product-category-app-api)
2022-09-29 11:44:03,214 [INFO] com.productcategoryapp.api.ProductCategoryAppApiApplication [restartedMain] No active profile set, falling back to default profiles: default
2022-09-29 11:44:03,269 [INFO] org.springframework.boot.devtools.env.DevToolsPropertyDefaultsPostProcessor [restartedMain] Devtools property defaults active! Set 'spring.devtools.add-properties' to 'false' to disable
2022-09-29 11:44:03,270 [INFO] org.springframework.boot.devtools.env.DevToolsPropertyDefaultsPostProcessor [restartedMain] For additional web related logging consider setting the 'logging.level.web' property to 'DEBUG'
2022-09-29 11:44:04,286 [INFO] org.springframework.data.repository.config.RepositoryConfigurationDelegate [restartedMain] Bootstrapping Spring Data JPA repositories in DEFAULT mode.
2022-09-29 11:44:04,332 [INFO] org.springframework.data.repository.config.RepositoryConfigurationDelegate [restartedMain] Finished Spring Data repository scanning in 39 ms. Found 2 JPA repository interfaces.
2022-09-29 11:44:04,617 [INFO] org.springframework.context.support.PostProcessorRegistrationDelegate$BeanPostProcessorChecker [restartedMain] Bean 'management.metrics-org.springframework.boot.actuate.autoconfigure.metrics.MetricsProperties' of type [org.springframework.boot.actuate.autoconfigure.metrics.MetricsProperties] is not eligible for getting processed by all BeanPostProcessors (for example: not eligible for auto-proxying)
2022-09-29 11:44:04,617 [INFO] org.springframework.context.support.PostProcessorRegistrationDelegate$BeanPostProcessorChecker [restartedMain] Bean 'org.springframework.boot.actuate.autoconfigure.metrics.data.RepositoryMetricsAutoConfiguration' of type [org.springframework.boot.actuate.autoconfigure.metrics.data.RepositoryMetricsAutoConfiguration] is not eligible for getting processed by all BeanPostProcessors (for example: not eligible for auto-proxying)
2022-09-29 11:44:04,618 [INFO] org.springframework.context.support.PostProcessorRegistrationDelegate$BeanPostProcessorChecker [restartedMain] Bean 'org.springframework.boot.actuate.autoconfigure.metrics.export.simple.SimpleMetricsExportAutoConfiguration' of type [org.springframework.boot.actuate.autoconfigure.metrics.export.simple.SimpleMetricsExportAutoConfiguration] is not eligible for getting processed by all BeanPostProcessors (for example: not eligible for auto-proxying)
2022-09-29 11:44:04,620 [INFO] org.springframework.context.support.PostProcessorRegistrationDelegate$BeanPostProcessorChecker [restartedMain] Bean 'management.metrics.export.simple-org.springframework.boot.actuate.autoconfigure.metrics.export.simple.SimpleProperties' of type [org.springframework.boot.actuate.autoconfigure.metrics.export.simple.SimpleProperties] is not eligible for getting processed by all BeanPostProcessors (for example: not eligible for auto-proxying)
2022-09-29 11:44:04,622 [INFO] org.springframework.context.support.PostProcessorRegistrationDelegate$BeanPostProcessorChecker [restartedMain] Bean 'simpleConfig' of type [org.springframework.boot.actuate.autoconfigure.metrics.export.simple.SimplePropertiesConfigAdapter] is not eligible for getting processed by all BeanPostProcessors (for example: not eligible for auto-proxying)
2022-09-29 11:44:04,625 [INFO] org.springframework.context.support.PostProcessorRegistrationDelegate$BeanPostProcessorChecker [restartedMain] Bean 'org.springframework.boot.actuate.autoconfigure.metrics.MetricsAutoConfiguration' of type [org.springframework.boot.actuate.autoconfigure.metrics.MetricsAutoConfiguration] is not eligible for getting processed by all BeanPostProcessors (for example: not eligible for auto-proxying)
2022-09-29 11:44:04,625 [INFO] org.springframework.context.support.PostProcessorRegistrationDelegate$BeanPostProcessorChecker [restartedMain] Bean 'micrometerClock' of type [io.micrometer.core.instrument.Clock$1] is not eligible for getting processed by all BeanPostProcessors (for example: not eligible for auto-proxying)
2022-09-29 11:44:04,637 [INFO] org.springframework.context.support.PostProcessorRegistrationDelegate$BeanPostProcessorChecker [restartedMain] Bean 'simpleMeterRegistry' of type [io.micrometer.core.instrument.simple.SimpleMeterRegistry] is not eligible for getting processed by all BeanPostProcessors (for example: not eligible for auto-proxying)
2022-09-29 11:44:04,640 [INFO] org.springframework.context.support.PostProcessorRegistrationDelegate$BeanPostProcessorChecker [restartedMain] Bean 'repositoryTagsProvider' of type [org.springframework.boot.actuate.metrics.data.DefaultRepositoryTagsProvider] is not eligible for getting processed by all BeanPostProcessors (for example: not eligible for auto-proxying)
2022-09-29 11:44:04,640 [INFO] org.springframework.context.support.PostProcessorRegistrationDelegate$BeanPostProcessorChecker [restartedMain] Bean 'metricsRepositoryMethodInvocationListener' of type [org.springframework.boot.actuate.metrics.data.MetricsRepositoryMethodInvocationListener] is not eligible for getting processed by all BeanPostProcessors (for example: not eligible for auto-proxying)
2022-09-29 11:44:04,910 [INFO] org.springframework.boot.web.embedded.tomcat.TomcatWebServer [restartedMain] Tomcat initialized with port(s): 8080 (http)
2022-09-29 11:44:04,921 [INFO] org.apache.catalina.core.StandardService [restartedMain] Starting service [Tomcat]
2022-09-29 11:44:04,921 [INFO] org.apache.catalina.core.StandardEngine [restartedMain] Starting Servlet engine: [Apache Tomcat/9.0.46]
2022-09-29 11:44:04,996 [INFO] org.apache.catalina.core.ContainerBase.[Tomcat].[localhost].[/] [restartedMain] Initializing Spring embedded WebApplicationContext
2022-09-29 11:44:04,996 [INFO] org.springframework.boot.web.servlet.context.ServletWebServerApplicationContext [restartedMain] Root WebApplicationContext: initialization completed in 1725 ms
2022-09-29 11:44:05,137 [INFO] org.hibernate.jpa.internal.util.LogHelper [restartedMain] HHH000204: Processing PersistenceUnitInfo [name: default]
2022-09-29 11:44:05,193 [INFO] org.hibernate.Version [restartedMain] HHH000412: Hibernate ORM core version 5.4.31.Final
2022-09-29 11:44:05,328 [INFO] org.hibernate.annotations.common.Version [restartedMain] HCANN000001: Hibernate Commons Annotations {5.1.2.Final}
2022-09-29 11:44:05,423 [INFO] com.zaxxer.hikari.HikariDataSource [restartedMain] HikariPool-1 - Starting...
2022-09-29 11:44:05,701 [INFO] com.zaxxer.hikari.HikariDataSource [restartedMain] HikariPool-1 - Start completed.
2022-09-29 11:44:05,717 [INFO] org.hibernate.dialect.Dialect [restartedMain] HHH000400: Using dialect: org.hibernate.dialect.MySQL8Dialect
2022-09-29 11:44:06,368 [INFO] org.hibernate.engine.transaction.jta.platform.internal.JtaPlatformInitiator [restartedMain] HHH000490: Using JtaPlatform implementation: [org.hibernate.engine.transaction.jta.platform.internal.NoJtaPlatform]
2022-09-29 11:44:06,376 [INFO] org.springframework.orm.jpa.LocalContainerEntityManagerFactoryBean [restartedMain] Initialized JPA EntityManagerFactory for persistence unit 'default'
2022-09-29 11:44:06,900 [WARN] org.springframework.boot.autoconfigure.orm.jpa.JpaBaseConfiguration$JpaWebConfiguration [restartedMain] spring.jpa.open-in-view is enabled by default. Therefore, database queries may be performed during view rendering. Explicitly configure spring.jpa.open-in-view to disable this warning
2022-09-29 11:44:07,027 [INFO] springfox.documentation.spring.web.PropertySourcedRequestMappingHandlerMapping [restartedMain] Mapped URL path [/v2/api-docs] onto method [springfox.documentation.swagger2.web.Swagger2Controller#getDocumentation(String, HttpServletRequest)]
2022-09-29 11:44:07,134 [INFO] org.springframework.boot.devtools.autoconfigure.OptionalLiveReloadServer [restartedMain] LiveReload server is running on port 35729
2022-09-29 11:44:07,765 [INFO] org.springframework.boot.web.embedded.tomcat.TomcatWebServer [restartedMain] Tomcat started on port(s): 8080 (http) with context path ''
2022-09-29 11:44:07,823 [INFO] org.springframework.boot.web.embedded.tomcat.TomcatWebServer [restartedMain] Tomcat initialized with port(s): 9090 (http)
2022-09-29 11:44:07,824 [INFO] org.apache.catalina.core.StandardService [restartedMain] Starting service [Tomcat]
2022-09-29 11:44:07,824 [INFO] org.apache.catalina.core.StandardEngine [restartedMain] Starting Servlet engine: [Apache Tomcat/9.0.46]
2022-09-29 11:44:07,843 [INFO] org.apache.catalina.core.ContainerBase.[Tomcat-1].[localhost].[/] [restartedMain] Initializing Spring embedded WebApplicationContext
2022-09-29 11:44:07,844 [INFO] org.springframework.boot.web.servlet.context.ServletWebServerApplicationContext [restartedMain] Root WebApplicationContext: initialization completed in 75 ms
2022-09-29 11:44:07,854 [INFO] org.springframework.boot.actuate.endpoint.web.EndpointLinksResolver [restartedMain] Exposing 12 endpoint(s) beneath base path '/actuator'
2022-09-29 11:44:08,053 [INFO] org.springframework.boot.web.embedded.tomcat.TomcatWebServer [restartedMain] Tomcat started on port(s): 9090 (http) with context path ''
2022-09-29 11:44:08,057 [INFO] springfox.documentation.spring.web.plugins.DocumentationPluginsBootstrapper [restartedMain] Context refreshed
2022-09-29 11:44:08,084 [INFO] springfox.documentation.spring.web.plugins.DocumentationPluginsBootstrapper [restartedMain] Found 1 custom documentation plugin(s)
2022-09-29 11:44:08,114 [INFO] springfox.documentation.spring.web.scanners.ApiListingReferenceScanner [restartedMain] Scanning for api listing references
2022-09-29 11:44:08,253 [INFO] springfox.documentation.spring.web.readers.operation.CachingOperationNameGenerator [restartedMain] Generating unique operation named: getCategoryUsingGET_1
2022-09-29 11:44:08,287 [INFO] springfox.documentation.spring.web.readers.operation.CachingOperationNameGenerator [restartedMain] Generating unique operation named: openapiJsonUsingGET_1
2022-09-29 11:44:08,290 [INFO] springfox.documentation.spring.web.readers.operation.CachingOperationNameGenerator [restartedMain] Generating unique operation named: openapiYamlUsingGET_1
2022-09-29 11:44:08,299 [INFO] springfox.documentation.spring.web.readers.operation.CachingOperationNameGenerator [restartedMain] Generating unique operation named: getProductUsingGET_1
2022-09-29 11:44:08,302 [INFO] springfox.documentation.spring.web.readers.operation.CachingOperationNameGenerator [restartedMain] Generating unique operation named: openapiJsonUsingGET_2
2022-09-29 11:44:08,324 [INFO] com.productcategoryapp.api.ProductCategoryAppApiApplication [restartedMain] Started ProductCategoryAppApiApplication in 5.507 seconds (JVM running for 6.54)
2022-09-29 11:44:08,331 [INFO] org.springframework.boot.availability.ApplicationAvailabilityBean [restartedMain] Application availability state LivenessState changed to CORRECT
2022-09-29 11:44:08,333 [INFO] org.springframework.boot.availability.ApplicationAvailabilityBean [restartedMain] Application availability state ReadinessState changed to ACCEPTING_TRAFFIC
2022-09-29 11:44:09,346 [INFO] org.apache.catalina.core.ContainerBase.[Tomcat].[localhost].[/] [RMI TCP Connection(3)-127.0.0.1] Initializing Spring DispatcherServlet 'dispatcherServlet'
2022-09-29 11:44:09,346 [INFO] org.springframework.web.servlet.DispatcherServlet [RMI TCP Connection(3)-127.0.0.1] Initializing Servlet 'dispatcherServlet'
2022-09-29 11:44:09,348 [INFO] org.springframework.web.servlet.DispatcherServlet [RMI TCP Connection(3)-127.0.0.1] Completed initialization in 1 ms
2022-09-29 11:44:17,215 [INFO] com.productcategoryapp.api.controllers.ProductController [http-nio-8080-exec-2] Product List found!
2022-09-29 11:44:24,269 [INFO] com.productcategoryapp.api.controllers.CategoryController [http-nio-8080-exec-3] Category List found!
2022-09-29 11:44:28,580 [INFO] org.springframework.boot.admin.SpringApplicationAdminMXBeanRegistrar$SpringApplicationAdmin [RMI TCP Connection(9)-127.0.0.1] Application shutdown requested.
2022-09-29 11:44:28,581 [INFO] org.springframework.boot.availability.ApplicationAvailabilityBean [RMI TCP Connection(9)-127.0.0.1] Application availability state ReadinessState changed from ACCEPTING_TRAFFIC to REFUSING_TRAFFIC
2022-09-29 11:44:28,581 [INFO] org.springframework.boot.availability.ApplicationAvailabilityBean [RMI TCP Connection(9)-127.0.0.1] Application availability state ReadinessState changed from REFUSING_TRAFFIC to REFUSING_TRAFFIC
2022-09-29 11:50:17,388 [INFO] com.productcategoryapp.api.ProductCategoryAppApiApplication [restartedMain] Starting ProductCategoryAppApiApplication using Java 17.0.4 on DESKTOP-2UIAP52 with PID 15120 (C:\Users\NIPUN\Documents\workspace-spring-tool-suite-4-4.15.3.RELEASE\product-category-app-api\target\classes started by NIPUN in C:\Users\NIPUN\Documents\workspace-spring-tool-suite-4-4.15.3.RELEASE\product-category-app-api)
2022-09-29 11:50:17,390 [INFO] com.productcategoryapp.api.ProductCategoryAppApiApplication [restartedMain] No active profile set, falling back to default profiles: default
2022-09-29 11:50:17,434 [INFO] org.springframework.boot.devtools.env.DevToolsPropertyDefaultsPostProcessor [restartedMain] Devtools property defaults active! Set 'spring.devtools.add-properties' to 'false' to disable
2022-09-29 11:50:17,434 [INFO] org.springframework.boot.devtools.env.DevToolsPropertyDefaultsPostProcessor [restartedMain] For additional web related logging consider setting the 'logging.level.web' property to 'DEBUG'
2022-09-29 11:50:18,605 [INFO] org.springframework.data.repository.config.RepositoryConfigurationDelegate [restartedMain] Bootstrapping Spring Data JPA repositories in DEFAULT mode.
2022-09-29 11:50:18,659 [INFO] org.springframework.data.repository.config.RepositoryConfigurationDelegate [restartedMain] Finished Spring Data repository scanning in 45 ms. Found 2 JPA repository interfaces.
2022-09-29 11:50:18,973 [INFO] org.springframework.context.support.PostProcessorRegistrationDelegate$BeanPostProcessorChecker [restartedMain] Bean 'management.metrics-org.springframework.boot.actuate.autoconfigure.metrics.MetricsProperties' of type [org.springframework.boot.actuate.autoconfigure.metrics.MetricsProperties] is not eligible for getting processed by all BeanPostProcessors (for example: not eligible for auto-proxying)
2022-09-29 11:50:18,974 [INFO] org.springframework.context.support.PostProcessorRegistrationDelegate$BeanPostProcessorChecker [restartedMain] Bean 'org.springframework.boot.actuate.autoconfigure.metrics.data.RepositoryMetricsAutoConfiguration' of type [org.springframework.boot.actuate.autoconfigure.metrics.data.RepositoryMetricsAutoConfiguration] is not eligible for getting processed by all BeanPostProcessors (for example: not eligible for auto-proxying)
2022-09-29 11:50:18,975 [INFO] org.springframework.context.support.PostProcessorRegistrationDelegate$BeanPostProcessorChecker [restartedMain] Bean 'org.springframework.boot.actuate.autoconfigure.metrics.export.simple.SimpleMetricsExportAutoConfiguration' of type [org.springframework.boot.actuate.autoconfigure.metrics.export.simple.SimpleMetricsExportAutoConfiguration] is not eligible for getting processed by all BeanPostProcessors (for example: not eligible for auto-proxying)
2022-09-29 11:50:18,977 [INFO] org.springframework.context.support.PostProcessorRegistrationDelegate$BeanPostProcessorChecker [restartedMain] Bean 'management.metrics.export.simple-org.springframework.boot.actuate.autoconfigure.metrics.export.simple.SimpleProperties' of type [org.springframework.boot.actuate.autoconfigure.metrics.export.simple.SimpleProperties] is not eligible for getting processed by all BeanPostProcessors (for example: not eligible for auto-proxying)
2022-09-29 11:50:18,979 [INFO] org.springframework.context.support.PostProcessorRegistrationDelegate$BeanPostProcessorChecker [restartedMain] Bean 'simpleConfig' of type [org.springframework.boot.actuate.autoconfigure.metrics.export.simple.SimplePropertiesConfigAdapter] is not eligible for getting processed by all BeanPostProcessors (for example: not eligible for auto-proxying)
2022-09-29 11:50:18,982 [INFO] org.springframework.context.support.PostProcessorRegistrationDelegate$BeanPostProcessorChecker [restartedMain] Bean 'org.springframework.boot.actuate.autoconfigure.metrics.MetricsAutoConfiguration' of type [org.springframework.boot.actuate.autoconfigure.metrics.MetricsAutoConfiguration] is not eligible for getting processed by all BeanPostProcessors (for example: not eligible for auto-proxying)
2022-09-29 11:50:18,982 [INFO] org.springframework.context.support.PostProcessorRegistrationDelegate$BeanPostProcessorChecker [restartedMain] Bean 'micrometerClock' of type [io.micrometer.core.instrument.Clock$1] is not eligible for getting processed by all BeanPostProcessors (for example: not eligible for auto-proxying)
2022-09-29 11:50:18,994 [INFO] org.springframework.context.support.PostProcessorRegistrationDelegate$BeanPostProcessorChecker [restartedMain] Bean 'simpleMeterRegistry' of type [io.micrometer.core.instrument.simple.SimpleMeterRegistry] is not eligible for getting processed by all BeanPostProcessors (for example: not eligible for auto-proxying)
2022-09-29 11:50:18,998 [INFO] org.springframework.context.support.PostProcessorRegistrationDelegate$BeanPostProcessorChecker [restartedMain] Bean 'repositoryTagsProvider' of type [org.springframework.boot.actuate.metrics.data.DefaultRepositoryTagsProvider] is not eligible for getting processed by all BeanPostProcessors (for example: not eligible for auto-proxying)
2022-09-29 11:50:18,998 [INFO] org.springframework.context.support.PostProcessorRegistrationDelegate$BeanPostProcessorChecker [restartedMain] Bean 'metricsRepositoryMethodInvocationListener' of type [org.springframework.boot.actuate.metrics.data.MetricsRepositoryMethodInvocationListener] is not eligible for getting processed by all BeanPostProcessors (for example: not eligible for auto-proxying)
2022-09-29 11:50:19,275 [INFO] org.springframework.boot.web.embedded.tomcat.TomcatWebServer [restartedMain] Tomcat initialized with port(s): 8080 (http)
2022-09-29 11:50:19,284 [INFO] org.apache.catalina.core.StandardService [restartedMain] Starting service [Tomcat]
2022-09-29 11:50:19,285 [INFO] org.apache.catalina.core.StandardEngine [restartedMain] Starting Servlet engine: [Apache Tomcat/9.0.46]
2022-09-29 11:50:19,365 [INFO] org.apache.catalina.core.ContainerBase.[Tomcat].[localhost].[/] [restartedMain] Initializing Spring embedded WebApplicationContext
2022-09-29 11:50:19,365 [INFO] org.springframework.boot.web.servlet.context.ServletWebServerApplicationContext [restartedMain] Root WebApplicationContext: initialization completed in 1930 ms
2022-09-29 11:50:19,496 [INFO] org.hibernate.jpa.internal.util.LogHelper [restartedMain] HHH000204: Processing PersistenceUnitInfo [name: default]
2022-09-29 11:50:19,542 [INFO] org.hibernate.Version [restartedMain] HHH000412: Hibernate ORM core version 5.4.31.Final
2022-09-29 11:50:19,655 [INFO] org.hibernate.annotations.common.Version [restartedMain] HCANN000001: Hibernate Commons Annotations {5.1.2.Final}
2022-09-29 11:50:19,745 [INFO] com.zaxxer.hikari.HikariDataSource [restartedMain] HikariPool-1 - Starting...
2022-09-29 11:50:20,021 [INFO] com.zaxxer.hikari.HikariDataSource [restartedMain] HikariPool-1 - Start completed.
2022-09-29 11:50:20,035 [INFO] org.hibernate.dialect.Dialect [restartedMain] HHH000400: Using dialect: org.hibernate.dialect.MySQL8Dialect
2022-09-29 11:50:20,656 [INFO] org.hibernate.engine.transaction.jta.platform.internal.JtaPlatformInitiator [restartedMain] HHH000490: Using JtaPlatform implementation: [org.hibernate.engine.transaction.jta.platform.internal.NoJtaPlatform]
2022-09-29 11:50:20,663 [INFO] org.springframework.orm.jpa.LocalContainerEntityManagerFactoryBean [restartedMain] Initialized JPA EntityManagerFactory for persistence unit 'default'
2022-09-29 11:50:21,177 [WARN] org.springframework.boot.autoconfigure.orm.jpa.JpaBaseConfiguration$JpaWebConfiguration [restartedMain] spring.jpa.open-in-view is enabled by default. Therefore, database queries may be performed during view rendering. Explicitly configure spring.jpa.open-in-view to disable this warning
2022-09-29 11:50:21,306 [INFO] springfox.documentation.spring.web.PropertySourcedRequestMappingHandlerMapping [restartedMain] Mapped URL path [/v2/api-docs] onto method [springfox.documentation.swagger2.web.Swagger2Controller#getDocumentation(String, HttpServletRequest)]
2022-09-29 11:50:21,410 [INFO] org.springframework.boot.devtools.autoconfigure.OptionalLiveReloadServer [restartedMain] LiveReload server is running on port 35729
2022-09-29 11:50:22,053 [INFO] org.springframework.boot.web.embedded.tomcat.TomcatWebServer [restartedMain] Tomcat started on port(s): 8080 (http) with context path ''
2022-09-29 11:50:22,113 [INFO] org.springframework.boot.web.embedded.tomcat.TomcatWebServer [restartedMain] Tomcat initialized with port(s): 9090 (http)
2022-09-29 11:50:22,113 [INFO] org.apache.catalina.core.StandardService [restartedMain] Starting service [Tomcat]
2022-09-29 11:50:22,114 [INFO] org.apache.catalina.core.StandardEngine [restartedMain] Starting Servlet engine: [Apache Tomcat/9.0.46]
2022-09-29 11:50:22,134 [INFO] org.apache.catalina.core.ContainerBase.[Tomcat-1].[localhost].[/] [restartedMain] Initializing Spring embedded WebApplicationContext
2022-09-29 11:50:22,134 [INFO] org.springframework.boot.web.servlet.context.ServletWebServerApplicationContext [restartedMain] Root WebApplicationContext: initialization completed in 77 ms
2022-09-29 11:50:22,145 [INFO] org.springframework.boot.actuate.endpoint.web.EndpointLinksResolver [restartedMain] Exposing 12 endpoint(s) beneath base path '/actuator'
2022-09-29 11:50:22,241 [INFO] org.apache.catalina.core.ContainerBase.[Tomcat].[localhost].[/] [RMI TCP Connection(3)-127.0.0.1] Initializing Spring DispatcherServlet 'dispatcherServlet'
2022-09-29 11:50:22,242 [INFO] org.springframework.web.servlet.DispatcherServlet [RMI TCP Connection(3)-127.0.0.1] Initializing Servlet 'dispatcherServlet'
2022-09-29 11:50:22,245 [INFO] org.springframework.web.servlet.DispatcherServlet [RMI TCP Connection(3)-127.0.0.1] Completed initialization in 3 ms
2022-09-29 11:50:22,389 [INFO] org.springframework.boot.web.embedded.tomcat.TomcatWebServer [restartedMain] Tomcat started on port(s): 9090 (http) with context path ''
2022-09-29 11:50:22,393 [INFO] springfox.documentation.spring.web.plugins.DocumentationPluginsBootstrapper [restartedMain] Context refreshed
2022-09-29 11:50:22,420 [INFO] springfox.documentation.spring.web.plugins.DocumentationPluginsBootstrapper [restartedMain] Found 1 custom documentation plugin(s)
2022-09-29 11:50:22,457 [INFO] springfox.documentation.spring.web.scanners.ApiListingReferenceScanner [restartedMain] Scanning for api listing references
2022-09-29 11:50:22,609 [INFO] springfox.documentation.spring.web.readers.operation.CachingOperationNameGenerator [restartedMain] Generating unique operation named: getCategoryUsingGET_1
2022-09-29 11:50:22,650 [INFO] springfox.documentation.spring.web.readers.operation.CachingOperationNameGenerator [restartedMain] Generating unique operation named: openapiJsonUsingGET_1
2022-09-29 11:50:22,653 [INFO] springfox.documentation.spring.web.readers.operation.CachingOperationNameGenerator [restartedMain] Generating unique operation named: openapiYamlUsingGET_1
2022-09-29 11:50:22,662 [INFO] springfox.documentation.spring.web.readers.operation.CachingOperationNameGenerator [restartedMain] Generating unique operation named: getProductUsingGET_1
2022-09-29 11:50:22,665 [INFO] springfox.documentation.spring.web.readers.operation.CachingOperationNameGenerator [restartedMain] Generating unique operation named: openapiJsonUsingGET_2
2022-09-29 11:50:22,676 [INFO] com.productcategoryapp.api.ProductCategoryAppApiApplication [restartedMain] Started ProductCategoryAppApiApplication in 5.643 seconds (JVM running for 6.72)
2022-09-29 11:50:22,684 [INFO] org.springframework.boot.availability.ApplicationAvailabilityBean [restartedMain] Application availability state LivenessState changed to CORRECT
2022-09-29 11:50:22,687 [INFO] org.springframework.boot.availability.ApplicationAvailabilityBean [restartedMain] Application availability state ReadinessState changed to ACCEPTING_TRAFFIC
2022-09-29 11:50:37,014 [INFO] org.springframework.boot.admin.SpringApplicationAdminMXBeanRegistrar$SpringApplicationAdmin [RMI TCP Connection(9)-127.0.0.1] Application shutdown requested.
2022-09-29 11:50:37,014 [INFO] org.springframework.boot.availability.ApplicationAvailabilityBean [RMI TCP Connection(9)-127.0.0.1] Application availability state ReadinessState changed from ACCEPTING_TRAFFIC to REFUSING_TRAFFIC
2022-09-29 11:50:37,015 [INFO] org.springframework.boot.availability.ApplicationAvailabilityBean [RMI TCP Connection(9)-127.0.0.1] Application availability state ReadinessState changed from REFUSING_TRAFFIC to REFUSING_TRAFFIC
2022-09-29 11:51:21,650 [INFO] com.productcategoryapp.api.CategoryControllerTests [main] Starting CategoryControllerTests using Java 17.0.4 on DESKTOP-2UIAP52 with PID 2844 (started by NIPUN in C:\Users\NIPUN\Documents\workspace-spring-tool-suite-4-4.15.3.RELEASE\product-category-app-api)
2022-09-29 11:51:21,653 [INFO] com.productcategoryapp.api.CategoryControllerTests [main] No active profile set, falling back to default profiles: default
2022-09-29 11:51:23,128 [INFO] org.springframework.data.repository.config.RepositoryConfigurationDelegate [main] Bootstrapping Spring Data JPA repositories in DEFAULT mode.
2022-09-29 11:51:23,202 [INFO] org.springframework.data.repository.config.RepositoryConfigurationDelegate [main] Finished Spring Data repository scanning in 65 ms. Found 2 JPA repository interfaces.
2022-09-29 11:51:23,759 [INFO] org.springframework.context.support.PostProcessorRegistrationDelegate$BeanPostProcessorChecker [main] Bean 'management.metrics-org.springframework.boot.actuate.autoconfigure.metrics.MetricsProperties' of type [org.springframework.boot.actuate.autoconfigure.metrics.MetricsProperties] is not eligible for getting processed by all BeanPostProcessors (for example: not eligible for auto-proxying)
2022-09-29 11:51:23,761 [INFO] org.springframework.context.support.PostProcessorRegistrationDelegate$BeanPostProcessorChecker [main] Bean 'org.springframework.boot.actuate.autoconfigure.metrics.data.RepositoryMetricsAutoConfiguration' of type [org.springframework.boot.actuate.autoconfigure.metrics.data.RepositoryMetricsAutoConfiguration] is not eligible for getting processed by all BeanPostProcessors (for example: not eligible for auto-proxying)
2022-09-29 11:51:23,765 [INFO] org.springframework.context.support.PostProcessorRegistrationDelegate$BeanPostProcessorChecker [main] Bean 'org.springframework.boot.actuate.autoconfigure.metrics.export.simple.SimpleMetricsExportAutoConfiguration' of type [org.springframework.boot.actuate.autoconfigure.metrics.export.simple.SimpleMetricsExportAutoConfiguration] is not eligible for getting processed by all BeanPostProcessors (for example: not eligible for auto-proxying)
2022-09-29 11:51:23,770 [INFO] org.springframework.context.support.PostProcessorRegistrationDelegate$BeanPostProcessorChecker [main] Bean 'management.metrics.export.simple-org.springframework.boot.actuate.autoconfigure.metrics.export.simple.SimpleProperties' of type [org.springframework.boot.actuate.autoconfigure.metrics.export.simple.SimpleProperties] is not eligible for getting processed by all BeanPostProcessors (for example: not eligible for auto-proxying)
2022-09-29 11:51:23,785 [INFO] org.springframework.context.support.PostProcessorRegistrationDelegate$BeanPostProcessorChecker [main] Bean 'simpleConfig' of type [org.springframework.boot.actuate.autoconfigure.metrics.export.simple.SimplePropertiesConfigAdapter] is not eligible for getting processed by all BeanPostProcessors (for example: not eligible for auto-proxying)
2022-09-29 11:51:23,791 [INFO] org.springframework.context.support.PostProcessorRegistrationDelegate$BeanPostProcessorChecker [main] Bean 'org.springframework.boot.actuate.autoconfigure.metrics.MetricsAutoConfiguration' of type [org.springframework.boot.actuate.autoconfigure.metrics.MetricsAutoConfiguration] is not eligible for getting processed by all BeanPostProcessors (for example: not eligible for auto-proxying)
2022-09-29 11:51:23,794 [INFO] org.springframework.context.support.PostProcessorRegistrationDelegate$BeanPostProcessorChecker [main] Bean 'micrometerClock' of type [io.micrometer.core.instrument.Clock$1] is not eligible for getting processed by all BeanPostProcessors (for example: not eligible for auto-proxying)
2022-09-29 11:51:23,815 [INFO] org.springframework.context.support.PostProcessorRegistrationDelegate$BeanPostProcessorChecker [main] Bean 'simpleMeterRegistry' of type [io.micrometer.core.instrument.simple.SimpleMeterRegistry] is not eligible for getting processed by all BeanPostProcessors (for example: not eligible for auto-proxying)
2022-09-29 11:51:23,822 [INFO] org.springframework.context.support.PostProcessorRegistrationDelegate$BeanPostProcessorChecker [main] Bean 'repositoryTagsProvider' of type [org.springframework.boot.actuate.metrics.data.DefaultRepositoryTagsProvider] is not eligible for getting processed by all BeanPostProcessors (for example: not eligible for auto-proxying)
2022-09-29 11:51:23,825 [INFO] org.springframework.context.support.PostProcessorRegistrationDelegate$BeanPostProcessorChecker [main] Bean 'metricsRepositoryMethodInvocationListener' of type [org.springframework.boot.actuate.metrics.data.MetricsRepositoryMethodInvocationListener] is not eligible for getting processed by all BeanPostProcessors (for example: not eligible for auto-proxying)
2022-09-29 11:51:24,034 [INFO] org.hibernate.jpa.internal.util.LogHelper [main] HHH000204: Processing PersistenceUnitInfo [name: default]
2022-09-29 11:51:24,102 [INFO] org.hibernate.Version [main] HHH000412: Hibernate ORM core version 5.4.31.Final
2022-09-29 11:51:24,264 [INFO] org.hibernate.annotations.common.Version [main] HCANN000001: Hibernate Commons Annotations {5.1.2.Final}
2022-09-29 11:51:24,447 [INFO] com.zaxxer.hikari.HikariDataSource [main] HikariPool-1 - Starting...
2022-09-29 11:51:24,832 [INFO] com.zaxxer.hikari.HikariDataSource [main] HikariPool-1 - Start completed.
2022-09-29 11:51:24,849 [INFO] org.hibernate.dialect.Dialect [main] HHH000400: Using dialect: org.hibernate.dialect.MySQL8Dialect
2022-09-29 11:51:25,681 [INFO] org.hibernate.engine.transaction.jta.platform.internal.JtaPlatformInitiator [main] HHH000490: Using JtaPlatform implementation: [org.hibernate.engine.transaction.jta.platform.internal.NoJtaPlatform]
2022-09-29 11:51:25,691 [INFO] org.springframework.orm.jpa.LocalContainerEntityManagerFactoryBean [main] Initialized JPA EntityManagerFactory for persistence unit 'default'
2022-09-29 11:51:26,592 [WARN] org.springframework.boot.autoconfigure.orm.jpa.JpaBaseConfiguration$JpaWebConfiguration [main] spring.jpa.open-in-view is enabled by default. Therefore, database queries may be performed during view rendering. Explicitly configure spring.jpa.open-in-view to disable this warning
2022-09-29 11:51:26,951 [INFO] springfox.documentation.spring.web.PropertySourcedRequestMappingHandlerMapping [main] Mapped URL path [/v2/api-docs] onto method [springfox.documentation.swagger2.web.Swagger2Controller#getDocumentation(String, HttpServletRequest)]
2022-09-29 11:51:28,661 [INFO] org.springframework.boot.test.mock.web.SpringBootMockServletContext [main] Initializing Spring TestDispatcherServlet ''
2022-09-29 11:51:28,662 [INFO] org.springframework.test.web.servlet.TestDispatcherServlet [main] Initializing Servlet ''
2022-09-29 11:51:28,664 [INFO] org.springframework.test.web.servlet.TestDispatcherServlet [main] Completed initialization in 2 ms
2022-09-29 11:51:28,694 [INFO] springfox.documentation.spring.web.plugins.DocumentationPluginsBootstrapper [main] Context refreshed
2022-09-29 11:51:28,723 [INFO] springfox.documentation.spring.web.plugins.DocumentationPluginsBootstrapper [main] Found 1 custom documentation plugin(s)
2022-09-29 11:51:28,761 [INFO] springfox.documentation.spring.web.scanners.ApiListingReferenceScanner [main] Scanning for api listing references
2022-09-29 11:51:28,945 [INFO] springfox.documentation.spring.web.readers.operation.CachingOperationNameGenerator [main] Generating unique operation named: getCategoryUsingGET_1
2022-09-29 11:51:28,982 [INFO] springfox.documentation.spring.web.readers.operation.CachingOperationNameGenerator [main] Generating unique operation named: openapiJsonUsingGET_1
2022-09-29 11:51:28,986 [INFO] springfox.documentation.spring.web.readers.operation.CachingOperationNameGenerator [main] Generating unique operation named: openapiYamlUsingGET_1
2022-09-29 11:51:28,999 [INFO] springfox.documentation.spring.web.readers.operation.CachingOperationNameGenerator [main] Generating unique operation named: getProductUsingGET_1
2022-09-29 11:51:29,003 [INFO] springfox.documentation.spring.web.readers.operation.CachingOperationNameGenerator [main] Generating unique operation named: openapiJsonUsingGET_2
2022-09-29 11:51:29,034 [INFO] com.productcategoryapp.api.CategoryControllerTests [main] Started CategoryControllerTests in 7.766 seconds (JVM running for 9.284)
2022-09-29 11:51:29,095 [INFO] org.springframework.boot.availability.ApplicationAvailabilityBean [main] Application availability state LivenessState changed to CORRECT
2022-09-29 11:51:29,097 [INFO] org.springframework.boot.availability.ApplicationAvailabilityBean [main] Application availability state ReadinessState changed to ACCEPTING_TRAFFIC
2022-09-29 11:51:29,458 [INFO] org.springframework.mock.web.MockServletContext [main] Initializing Spring TestDispatcherServlet ''
2022-09-29 11:51:29,458 [INFO] org.springframework.test.web.servlet.TestDispatcherServlet [main] Initializing Servlet ''
2022-09-29 11:51:29,458 [INFO] org.springframework.test.web.servlet.TestDispatcherServlet [main] Completed initialization in 0 ms
2022-09-29 11:51:29,752 [INFO] org.springframework.mock.web.MockServletContext [main] Initializing Spring TestDispatcherServlet ''
2022-09-29 11:51:29,752 [INFO] org.springframework.test.web.servlet.TestDispatcherServlet [main] Initializing Servlet ''
2022-09-29 11:51:29,752 [INFO] org.springframework.test.web.servlet.TestDispatcherServlet [main] Completed initialization in 0 ms
2022-09-29 11:51:29,796 [INFO] org.springframework.mock.web.MockServletContext [main] Initializing Spring TestDispatcherServlet ''
2022-09-29 11:51:29,796 [INFO] org.springframework.test.web.servlet.TestDispatcherServlet [main] Initializing Servlet ''
2022-09-29 11:51:29,796 [INFO] org.springframework.test.web.servlet.TestDispatcherServlet [main] Completed initialization in 0 ms
2022-09-29 11:51:29,825 [INFO] org.springframework.mock.web.MockServletContext [main] Initializing Spring TestDispatcherServlet ''
2022-09-29 11:51:29,826 [INFO] org.springframework.test.web.servlet.TestDispatcherServlet [main] Initializing Servlet ''
2022-09-29 11:51:29,826 [INFO] org.springframework.test.web.servlet.TestDispatcherServlet [main] Completed initialization in 0 ms
2022-09-29 11:51:29,853 [WARN] org.springframework.web.servlet.mvc.support.DefaultHandlerExceptionResolver [main] Resolved [org.springframework.web.bind.MethodArgumentNotValidException: Validation failed for argument [0] in public org.springframework.http.ResponseEntity<com.productcategoryapp.api.utils.AppResponseCategory> com.productcategoryapp.api.controllers.CategoryController.addCategory(com.productcategoryapp.api.payloads.CategoryDto) with 2 errors: [Field error in object 'categoryDto' on field 'categoryDesc': rejected value []; codes [NotEmpty.categoryDto.categoryDesc,NotEmpty.categoryDesc,NotEmpty.java.lang.String,NotEmpty]; arguments [org.springframework.context.support.DefaultMessageSourceResolvable: codes [categoryDto.categoryDesc,categoryDesc]; arguments []; default message [categoryDesc]]; default message [Description is mandatory]] [Field error in object 'categoryDto' on field 'categoryDesc': rejected value []; codes [Size.categoryDto.categoryDesc,Size.categoryDesc,Size.java.lang.String,Size]; arguments [org.springframework.context.support.DefaultMessageSourceResolvable: codes [categoryDto.categoryDesc,categoryDesc]; arguments []; default message [categoryDesc],100,5]; default message [Description should be minimum 5 letters and maximum 100 letters]] ]
2022-09-29 11:51:29,935 [INFO] org.springframework.mock.web.MockServletContext [main] Initializing Spring TestDispatcherServlet ''
2022-09-29 11:51:29,935 [INFO] org.springframework.test.web.servlet.TestDispatcherServlet [main] Initializing Servlet ''
2022-09-29 11:51:29,935 [INFO] org.springframework.test.web.servlet.TestDispatcherServlet [main] Completed initialization in 0 ms
2022-09-29 11:51:29,956 [WARN] org.springframework.web.servlet.mvc.support.DefaultHandlerExceptionResolver [main] Resolved [org.springframework.web.bind.MethodArgumentNotValidException: Validation failed for argument [0] in public org.springframework.http.ResponseEntity<com.productcategoryapp.api.utils.AppResponseCategory> com.productcategoryapp.api.controllers.CategoryController.addCategory(com.productcategoryapp.api.payloads.CategoryDto) with 4 errors: [Field error in object 'categoryDto' on field 'categoryDesc': rejected value []; codes [NotEmpty.categoryDto.categoryDesc,NotEmpty.categoryDesc,NotEmpty.java.lang.String,NotEmpty]; arguments [org.springframework.context.support.DefaultMessageSourceResolvable: codes [categoryDto.categoryDesc,categoryDesc]; arguments []; default message [categoryDesc]]; default message [Description is mandatory]] [Field error in object 'categoryDto' on field 'categoryName': rejected value []; codes [NotEmpty.categoryDto.categoryName,NotEmpty.categoryName,NotEmpty.java.lang.String,NotEmpty]; arguments [org.springframework.context.support.DefaultMessageSourceResolvable: codes [categoryDto.categoryName,categoryName]; arguments []; default message [categoryName]]; default message [Name is mandatory]] [Field error in object 'categoryDto' on field 'categoryName': rejected value []; codes [Size.categoryDto.categoryName,Size.categoryName,Size.java.lang.String,Size]; arguments [org.springframework.context.support.DefaultMessageSourceResolvable: codes [categoryDto.categoryName,categoryName]; arguments []; default message [categoryName],25,3]; default message [Name should be minimum 3 letters and maximum 25 letters]] [Field error in object 'categoryDto' on field 'categoryDesc': rejected value []; codes [Size.categoryDto.categoryDesc,Size.categoryDesc,Size.java.lang.String,Size]; arguments [org.springframework.context.support.DefaultMessageSourceResolvable: codes [categoryDto.categoryDesc,categoryDesc]; arguments []; default message [categoryDesc],100,5]; default message [Description should be minimum 5 letters and maximum 100 letters]] ]
2022-09-29 11:51:29,975 [INFO] org.springframework.mock.web.MockServletContext [main] Initializing Spring TestDispatcherServlet ''
2022-09-29 11:51:29,976 [INFO] org.springframework.test.web.servlet.TestDispatcherServlet [main] Initializing Servlet ''
2022-09-29 11:51:29,976 [INFO] org.springframework.test.web.servlet.TestDispatcherServlet [main] Completed initialization in 0 ms
2022-09-29 11:51:30,026 [INFO] org.springframework.mock.web.MockServletContext [main] Initializing Spring TestDispatcherServlet ''
2022-09-29 11:51:30,026 [INFO] org.springframework.test.web.servlet.TestDispatcherServlet [main] Initializing Servlet ''
2022-09-29 11:51:30,027 [INFO] org.springframework.test.web.servlet.TestDispatcherServlet [main] Completed initialization in 1 ms
2022-09-29 11:51:46,514 [INFO] com.productcategoryapp.api.ProductControllerTests [main] Starting ProductControllerTests using Java 17.0.4 on DESKTOP-2UIAP52 with PID 10412 (started by NIPUN in C:\Users\NIPUN\Documents\workspace-spring-tool-suite-4-4.15.3.RELEASE\product-category-app-api)
2022-09-29 11:51:46,518 [INFO] com.productcategoryapp.api.ProductControllerTests [main] No active profile set, falling back to default profiles: default
2022-09-29 11:51:47,974 [INFO] org.springframework.data.repository.config.RepositoryConfigurationDelegate [main] Bootstrapping Spring Data JPA repositories in DEFAULT mode.
2022-09-29 11:51:48,047 [INFO] org.springframework.data.repository.config.RepositoryConfigurationDelegate [main] Finished Spring Data repository scanning in 63 ms. Found 2 JPA repository interfaces.
2022-09-29 11:51:48,583 [INFO] org.springframework.context.support.PostProcessorRegistrationDelegate$BeanPostProcessorChecker [main] Bean 'management.metrics-org.springframework.boot.actuate.autoconfigure.metrics.MetricsProperties' of type [org.springframework.boot.actuate.autoconfigure.metrics.MetricsProperties] is not eligible for getting processed by all BeanPostProcessors (for example: not eligible for auto-proxying)
2022-09-29 11:51:48,585 [INFO] org.springframework.context.support.PostProcessorRegistrationDelegate$BeanPostProcessorChecker [main] Bean 'org.springframework.boot.actuate.autoconfigure.metrics.data.RepositoryMetricsAutoConfiguration' of type [org.springframework.boot.actuate.autoconfigure.metrics.data.RepositoryMetricsAutoConfiguration] is not eligible for getting processed by all BeanPostProcessors (for example: not eligible for auto-proxying)
2022-09-29 11:51:48,589 [INFO] org.springframework.context.support.PostProcessorRegistrationDelegate$BeanPostProcessorChecker [main] Bean 'org.springframework.boot.actuate.autoconfigure.metrics.export.simple.SimpleMetricsExportAutoConfiguration' of type [org.springframework.boot.actuate.autoconfigure.metrics.export.simple.SimpleMetricsExportAutoConfiguration] is not eligible for getting processed by all BeanPostProcessors (for example: not eligible for auto-proxying)
2022-09-29 11:51:48,595 [INFO] org.springframework.context.support.PostProcessorRegistrationDelegate$BeanPostProcessorChecker [main] Bean 'management.metrics.export.simple-org.springframework.boot.actuate.autoconfigure.metrics.export.simple.SimpleProperties' of type [org.springframework.boot.actuate.autoconfigure.metrics.export.simple.SimpleProperties] is not eligible for getting processed by all BeanPostProcessors (for example: not eligible for auto-proxying)
2022-09-29 11:51:48,602 [INFO] org.springframework.context.support.PostProcessorRegistrationDelegate$BeanPostProcessorChecker [main] Bean 'simpleConfig' of type [org.springframework.boot.actuate.autoconfigure.metrics.export.simple.SimplePropertiesConfigAdapter] is not eligible for getting processed by all BeanPostProcessors (for example: not eligible for auto-proxying)
2022-09-29 11:51:48,607 [INFO] org.springframework.context.support.PostProcessorRegistrationDelegate$BeanPostProcessorChecker [main] Bean 'org.springframework.boot.actuate.autoconfigure.metrics.MetricsAutoConfiguration' of type [org.springframework.boot.actuate.autoconfigure.metrics.MetricsAutoConfiguration] is not eligible for getting processed by all BeanPostProcessors (for example: not eligible for auto-proxying)
2022-09-29 11:51:48,611 [INFO] org.springframework.context.support.PostProcessorRegistrationDelegate$BeanPostProcessorChecker [main] Bean 'micrometerClock' of type [io.micrometer.core.instrument.Clock$1] is not eligible for getting processed by all BeanPostProcessors (for example: not eligible for auto-proxying)
2022-09-29 11:51:48,632 [INFO] org.springframework.context.support.PostProcessorRegistrationDelegate$BeanPostProcessorChecker [main] Bean 'simpleMeterRegistry' of type [io.micrometer.core.instrument.simple.SimpleMeterRegistry] is not eligible for getting processed by all BeanPostProcessors (for example: not eligible for auto-proxying)
2022-09-29 11:51:48,640 [INFO] org.springframework.context.support.PostProcessorRegistrationDelegate$BeanPostProcessorChecker [main] Bean 'repositoryTagsProvider' of type [org.springframework.boot.actuate.metrics.data.DefaultRepositoryTagsProvider] is not eligible for getting processed by all BeanPostProcessors (for example: not eligible for auto-proxying)
2022-09-29 11:51:48,643 [INFO] org.springframework.context.support.PostProcessorRegistrationDelegate$BeanPostProcessorChecker [main] Bean 'metricsRepositoryMethodInvocationListener' of type [org.springframework.boot.actuate.metrics.data.MetricsRepositoryMethodInvocationListener] is not eligible for getting processed by all BeanPostProcessors (for example: not eligible for auto-proxying)
2022-09-29 11:51:48,856 [INFO] org.hibernate.jpa.internal.util.LogHelper [main] HHH000204: Processing PersistenceUnitInfo [name: default]
2022-09-29 11:51:48,925 [INFO] org.hibernate.Version [main] HHH000412: Hibernate ORM core version 5.4.31.Final
2022-09-29 11:51:49,091 [INFO] org.hibernate.annotations.common.Version [main] HCANN000001: Hibernate Commons Annotations {5.1.2.Final}
2022-09-29 11:51:49,293 [INFO] com.zaxxer.hikari.HikariDataSource [main] HikariPool-1 - Starting...
2022-09-29 11:51:49,661 [INFO] com.zaxxer.hikari.HikariDataSource [main] HikariPool-1 - Start completed.
2022-09-29 11:51:49,680 [INFO] org.hibernate.dialect.Dialect [main] HHH000400: Using dialect: org.hibernate.dialect.MySQL8Dialect
2022-09-29 11:51:50,560 [INFO] org.hibernate.engine.transaction.jta.platform.internal.JtaPlatformInitiator [main] HHH000490: Using JtaPlatform implementation: [org.hibernate.engine.transaction.jta.platform.internal.NoJtaPlatform]
2022-09-29 11:51:50,570 [INFO] org.springframework.orm.jpa.LocalContainerEntityManagerFactoryBean [main] Initialized JPA EntityManagerFactory for persistence unit 'default'
2022-09-29 11:51:51,499 [WARN] org.springframework.boot.autoconfigure.orm.jpa.JpaBaseConfiguration$JpaWebConfiguration [main] spring.jpa.open-in-view is enabled by default. Therefore, database queries may be performed during view rendering. Explicitly configure spring.jpa.open-in-view to disable this warning
2022-09-29 11:51:51,868 [INFO] springfox.documentation.spring.web.PropertySourcedRequestMappingHandlerMapping [main] Mapped URL path [/v2/api-docs] onto method [springfox.documentation.swagger2.web.Swagger2Controller#getDocumentation(String, HttpServletRequest)]
2022-09-29 11:51:53,611 [INFO] org.springframework.boot.test.mock.web.SpringBootMockServletContext [main] Initializing Spring TestDispatcherServlet ''
2022-09-29 11:51:53,611 [INFO] org.springframework.test.web.servlet.TestDispatcherServlet [main] Initializing Servlet ''
2022-09-29 11:51:53,613 [INFO] org.springframework.test.web.servlet.TestDispatcherServlet [main] Completed initialization in 2 ms
2022-09-29 11:51:53,638 [INFO] springfox.documentation.spring.web.plugins.DocumentationPluginsBootstrapper [main] Context refreshed
2022-09-29 11:51:53,668 [INFO] springfox.documentation.spring.web.plugins.DocumentationPluginsBootstrapper [main] Found 1 custom documentation plugin(s)
2022-09-29 11:51:53,713 [INFO] springfox.documentation.spring.web.scanners.ApiListingReferenceScanner [main] Scanning for api listing references
2022-09-29 11:51:53,887 [INFO] springfox.documentation.spring.web.readers.operation.CachingOperationNameGenerator [main] Generating unique operation named: getCategoryUsingGET_1
2022-09-29 11:51:53,921 [INFO] springfox.documentation.spring.web.readers.operation.CachingOperationNameGenerator [main] Generating unique operation named: openapiJsonUsingGET_1
2022-09-29 11:51:53,925 [INFO] springfox.documentation.spring.web.readers.operation.CachingOperationNameGenerator [main] Generating unique operation named: openapiYamlUsingGET_1
2022-09-29 11:51:53,942 [INFO] springfox.documentation.spring.web.readers.operation.CachingOperationNameGenerator [main] Generating unique operation named: getProductUsingGET_1
2022-09-29 11:51:53,946 [INFO] springfox.documentation.spring.web.readers.operation.CachingOperationNameGenerator [main] Generating unique operation named: openapiJsonUsingGET_2
2022-09-29 11:51:53,978 [INFO] com.productcategoryapp.api.ProductControllerTests [main] Started ProductControllerTests in 7.839 seconds (JVM running for 9.239)
2022-09-29 11:51:54,037 [INFO] org.springframework.boot.availability.ApplicationAvailabilityBean [main] Application availability state LivenessState changed to CORRECT
2022-09-29 11:51:54,040 [INFO] org.springframework.boot.availability.ApplicationAvailabilityBean [main] Application availability state ReadinessState changed to ACCEPTING_TRAFFIC
2022-09-29 11:51:54,383 [INFO] org.springframework.mock.web.MockServletContext [main] Initializing Spring TestDispatcherServlet ''
2022-09-29 11:51:54,384 [INFO] org.springframework.test.web.servlet.TestDispatcherServlet [main] Initializing Servlet ''
2022-09-29 11:51:54,384 [INFO] org.springframework.test.web.servlet.TestDispatcherServlet [main] Completed initialization in 0 ms
2022-09-29 11:51:54,566 [INFO] org.springframework.mock.web.MockServletContext [main] Initializing Spring TestDispatcherServlet ''
2022-09-29 11:51:54,566 [INFO] org.springframework.test.web.servlet.TestDispatcherServlet [main] Initializing Servlet ''
2022-09-29 11:51:54,566 [INFO] org.springframework.test.web.servlet.TestDispatcherServlet [main] Completed initialization in 0 ms
2022-09-29 11:51:54,592 [INFO] org.springframework.mock.web.MockServletContext [main] Initializing Spring TestDispatcherServlet ''
2022-09-29 11:51:54,592 [INFO] org.springframework.test.web.servlet.TestDispatcherServlet [main] Initializing Servlet ''
2022-09-29 11:51:54,592 [INFO] org.springframework.test.web.servlet.TestDispatcherServlet [main] Completed initialization in 0 ms
2022-09-29 11:51:54,710 [WARN] org.springframework.web.servlet.mvc.support.DefaultHandlerExceptionResolver [main] Resolved [org.springframework.web.bind.MethodArgumentNotValidException: Validation failed for argument [0] in public org.springframework.http.ResponseEntity<com.productcategoryapp.api.utils.AppResponseProduct> com.productcategoryapp.api.controllers.ProductController.addProduct(com.productcategoryapp.api.payloads.ProductDto) with 2 errors: [Field error in object 'productDto' on field 'productDesc': rejected value []; codes [NotEmpty.productDto.productDesc,NotEmpty.productDesc,NotEmpty.java.lang.String,NotEmpty]; arguments [org.springframework.context.support.DefaultMessageSourceResolvable: codes [productDto.productDesc,productDesc]; arguments []; default message [productDesc]]; default message [Description is mandatory]] [Field error in object 'productDto' on field 'productDesc': rejected value []; codes [Size.productDto.productDesc,Size.productDesc,Size.java.lang.String,Size]; arguments [org.springframework.context.support.DefaultMessageSourceResolvable: codes [productDto.productDesc,productDesc]; arguments []; default message [productDesc],100,5]; default message [Description should be minimum 5 letters and maximum 100 letters]] ]
2022-09-29 11:51:54,787 [INFO] org.springframework.mock.web.MockServletContext [main] Initializing Spring TestDispatcherServlet ''
2022-09-29 11:51:54,787 [INFO] org.springframework.test.web.servlet.TestDispatcherServlet [main] Initializing Servlet ''
2022-09-29 11:51:54,788 [INFO] org.springframework.test.web.servlet.TestDispatcherServlet [main] Completed initialization in 1 ms
2022-09-29 11:51:54,810 [WARN] org.springframework.web.servlet.mvc.support.DefaultHandlerExceptionResolver [main] Resolved [org.springframework.web.bind.MethodArgumentNotValidException: Validation failed for argument [0] in public org.springframework.http.ResponseEntity<com.productcategoryapp.api.utils.AppResponseProduct> com.productcategoryapp.api.controllers.ProductController.addProduct(com.productcategoryapp.api.payloads.ProductDto) with 2 errors: [Field error in object 'productDto' on field 'productBrand': rejected value []; codes [Size.productDto.productBrand,Size.productBrand,Size.java.lang.String,Size]; arguments [org.springframework.context.support.DefaultMessageSourceResolvable: codes [productDto.productBrand,productBrand]; arguments []; default message [productBrand],25,1]; default message [Brand should be minimum 1 letter and maximum 25 letters]] [Field error in object 'productDto' on field 'productBrand': rejected value []; codes [NotEmpty.productDto.productBrand,NotEmpty.productBrand,NotEmpty.java.lang.String,NotEmpty]; arguments [org.springframework.context.support.DefaultMessageSourceResolvable: codes [productDto.productBrand,productBrand]; arguments []; default message [productBrand]]; default message [Brand is mandatory]] ]
2022-09-29 11:51:54,829 [INFO] org.springframework.mock.web.MockServletContext [main] Initializing Spring TestDispatcherServlet ''
2022-09-29 11:51:54,830 [INFO] org.springframework.test.web.servlet.TestDispatcherServlet [main] Initializing Servlet ''
2022-09-29 11:51:54,830 [INFO] org.springframework.test.web.servlet.TestDispatcherServlet [main] Completed initialization in 0 ms
2022-09-29 11:51:54,855 [WARN] org.springframework.web.servlet.mvc.support.DefaultHandlerExceptionResolver [main] Resolved [org.springframework.web.bind.MethodArgumentNotValidException: Validation failed for argument [0] in public org.springframework.http.ResponseEntity<com.productcategoryapp.api.utils.AppResponseProduct> com.productcategoryapp.api.controllers.ProductController.addProduct(com.productcategoryapp.api.payloads.ProductDto) with 2 errors: [Field error in object 'productDto' on field 'productName': rejected value []; codes [NotEmpty.productDto.productName,NotEmpty.productName,NotEmpty.java.lang.String,NotEmpty]; arguments [org.springframework.context.support.DefaultMessageSourceResolvable: codes [productDto.productName,productName]; arguments []; default message [productName]]; default message [Name is mandatory]] [Field error in object 'productDto' on field 'productName': rejected value []; codes [Size.productDto.productName,Size.productName,Size.java.lang.String,Size]; arguments [org.springframework.context.support.DefaultMessageSourceResolvable: codes [productDto.productName,productName]; arguments []; default message [productName],25,3]; default message [Name should be minimum 3 letters and maximum 25 letters]] ]
2022-09-29 11:51:54,873 [INFO] org.springframework.mock.web.MockServletContext [main] Initializing Spring TestDispatcherServlet ''
2022-09-29 11:51:54,873 [INFO] org.springframework.test.web.servlet.TestDispatcherServlet [main] Initializing Servlet ''
2022-09-29 11:51:54,873 [INFO] org.springframework.test.web.servlet.TestDispatcherServlet [main] Completed initialization in 0 ms
2022-09-29 11:51:54,895 [WARN] org.springframework.web.servlet.mvc.support.DefaultHandlerExceptionResolver [main] Resolved [org.springframework.web.bind.MethodArgumentNotValidException: Validation failed for argument [0] in public org.springframework.http.ResponseEntity<com.productcategoryapp.api.utils.AppResponseProduct> com.productcategoryapp.api.controllers.ProductController.addProduct(com.productcategoryapp.api.payloads.ProductDto): [Field error in object 'productDto' on field 'price': rejected value [0]; codes [Min.productDto.price,Min.price,Min.long,Min]; arguments [org.springframework.context.support.DefaultMessageSourceResolvable: codes [productDto.price,price]; arguments []; default message [price],10]; default message [Price must be greater than 10]] ]
2022-09-29 11:51:54,914 [INFO] org.springframework.mock.web.MockServletContext [main] Initializing Spring TestDispatcherServlet ''
2022-09-29 11:51:54,915 [INFO] org.springframework.test.web.servlet.TestDispatcherServlet [main] Initializing Servlet ''
2022-09-29 11:51:54,915 [INFO] org.springframework.test.web.servlet.TestDispatcherServlet [main] Completed initialization in 0 ms
2022-09-29 11:51:54,963 [INFO] org.springframework.mock.web.MockServletContext [main] Initializing Spring TestDispatcherServlet ''
2022-09-29 11:51:54,964 [INFO] org.springframework.test.web.servlet.TestDispatcherServlet [main] Initializing Servlet ''
2022-09-29 11:51:54,964 [INFO] org.springframework.test.web.servlet.TestDispatcherServlet [main] Completed initialization in 0 ms
2022-09-29 11:51:55,002 [INFO] org.springframework.mock.web.MockServletContext [main] Initializing Spring TestDispatcherServlet ''
2022-09-29 11:51:55,002 [INFO] org.springframework.test.web.servlet.TestDispatcherServlet [main] Initializing Servlet ''
2022-09-29 11:51:55,003 [INFO] org.springframework.test.web.servlet.TestDispatcherServlet [main] Completed initialization in 1 ms
2022-09-29 11:52:55,692 [INFO] com.productcategoryapp.api.ProductControllerTests [main] Starting ProductControllerTests using Java 17.0.4 on DESKTOP-2UIAP52 with PID 15356 (started by NIPUN in C:\Users\NIPUN\Documents\workspace-spring-tool-suite-4-4.15.3.RELEASE\product-category-app-api)
2022-09-29 11:52:55,696 [INFO] com.productcategoryapp.api.ProductControllerTests [main] No active profile set, falling back to default profiles: default
2022-09-29 11:52:57,085 [INFO] org.springframework.data.repository.config.RepositoryConfigurationDelegate [main] Bootstrapping Spring Data JPA repositories in DEFAULT mode.
2022-09-29 11:52:57,163 [INFO] org.springframework.data.repository.config.RepositoryConfigurationDelegate [main] Finished Spring Data repository scanning in 68 ms. Found 2 JPA repository interfaces.
2022-09-29 11:52:57,695 [INFO] org.springframework.context.support.PostProcessorRegistrationDelegate$BeanPostProcessorChecker [main] Bean 'management.metrics-org.springframework.boot.actuate.autoconfigure.metrics.MetricsProperties' of type [org.springframework.boot.actuate.autoconfigure.metrics.MetricsProperties] is not eligible for getting processed by all BeanPostProcessors (for example: not eligible for auto-proxying)
2022-09-29 11:52:57,697 [INFO] org.springframework.context.support.PostProcessorRegistrationDelegate$BeanPostProcessorChecker [main] Bean 'org.springframework.boot.actuate.autoconfigure.metrics.data.RepositoryMetricsAutoConfiguration' of type [org.springframework.boot.actuate.autoconfigure.metrics.data.RepositoryMetricsAutoConfiguration] is not eligible for getting processed by all BeanPostProcessors (for example: not eligible for auto-proxying)
2022-09-29 11:52:57,700 [INFO] org.springframework.context.support.PostProcessorRegistrationDelegate$BeanPostProcessorChecker [main] Bean 'org.springframework.boot.actuate.autoconfigure.metrics.export.simple.SimpleMetricsExportAutoConfiguration' of type [org.springframework.boot.actuate.autoconfigure.metrics.export.simple.SimpleMetricsExportAutoConfiguration] is not eligible for getting processed by all BeanPostProcessors (for example: not eligible for auto-proxying)
2022-09-29 11:52:57,706 [INFO] org.springframework.context.support.PostProcessorRegistrationDelegate$BeanPostProcessorChecker [main] Bean 'management.metrics.export.simple-org.springframework.boot.actuate.autoconfigure.metrics.export.simple.SimpleProperties' of type [org.springframework.boot.actuate.autoconfigure.metrics.export.simple.SimpleProperties] is not eligible for getting processed by all BeanPostProcessors (for example: not eligible for auto-proxying)
2022-09-29 11:52:57,711 [INFO] org.springframework.context.support.PostProcessorRegistrationDelegate$BeanPostProcessorChecker [main] Bean 'simpleConfig' of type [org.springframework.boot.actuate.autoconfigure.metrics.export.simple.SimplePropertiesConfigAdapter] is not eligible for getting processed by all BeanPostProcessors (for example: not eligible for auto-proxying)
2022-09-29 11:52:57,716 [INFO] org.springframework.context.support.PostProcessorRegistrationDelegate$BeanPostProcessorChecker [main] Bean 'org.springframework.boot.actuate.autoconfigure.metrics.MetricsAutoConfiguration' of type [org.springframework.boot.actuate.autoconfigure.metrics.MetricsAutoConfiguration] is not eligible for getting processed by all BeanPostProcessors (for example: not eligible for auto-proxying)
2022-09-29 11:52:57,719 [INFO] org.springframework.context.support.PostProcessorRegistrationDelegate$BeanPostProcessorChecker [main] Bean 'micrometerClock' of type [io.micrometer.core.instrument.Clock$1] is not eligible for getting processed by all BeanPostProcessors (for example: not eligible for auto-proxying)
2022-09-29 11:52:57,741 [INFO] org.springframework.context.support.PostProcessorRegistrationDelegate$BeanPostProcessorChecker [main] Bean 'simpleMeterRegistry' of type [io.micrometer.core.instrument.simple.SimpleMeterRegistry] is not eligible for getting processed by all BeanPostProcessors (for example: not eligible for auto-proxying)
2022-09-29 11:52:57,748 [INFO] org.springframework.context.support.PostProcessorRegistrationDelegate$BeanPostProcessorChecker [main] Bean 'repositoryTagsProvider' of type [org.springframework.boot.actuate.metrics.data.DefaultRepositoryTagsProvider] is not eligible for getting processed by all BeanPostProcessors (for example: not eligible for auto-proxying)
2022-09-29 11:52:57,752 [INFO] org.springframework.context.support.PostProcessorRegistrationDelegate$BeanPostProcessorChecker [main] Bean 'metricsRepositoryMethodInvocationListener' of type [org.springframework.boot.actuate.metrics.data.MetricsRepositoryMethodInvocationListener] is not eligible for getting processed by all BeanPostProcessors (for example: not eligible for auto-proxying)
2022-09-29 11:52:57,947 [INFO] org.hibernate.jpa.internal.util.LogHelper [main] HHH000204: Processing PersistenceUnitInfo [name: default]
2022-09-29 11:52:58,011 [INFO] org.hibernate.Version [main] HHH000412: Hibernate ORM core version 5.4.31.Final
2022-09-29 11:52:58,176 [INFO] org.hibernate.annotations.common.Version [main] HCANN000001: Hibernate Commons Annotations {5.1.2.Final}
2022-09-29 11:52:58,353 [INFO] com.zaxxer.hikari.HikariDataSource [main] HikariPool-1 - Starting...
2022-09-29 11:52:58,719 [INFO] com.zaxxer.hikari.HikariDataSource [main] HikariPool-1 - Start completed.
2022-09-29 11:52:58,736 [INFO] org.hibernate.dialect.Dialect [main] HHH000400: Using dialect: org.hibernate.dialect.MySQL8Dialect
2022-09-29 11:52:59,536 [INFO] org.hibernate.engine.transaction.jta.platform.internal.JtaPlatformInitiator [main] HHH000490: Using JtaPlatform implementation: [org.hibernate.engine.transaction.jta.platform.internal.NoJtaPlatform]
2022-09-29 11:52:59,545 [INFO] org.springframework.orm.jpa.LocalContainerEntityManagerFactoryBean [main] Initialized JPA EntityManagerFactory for persistence unit 'default'
2022-09-29 11:53:00,419 [WARN] org.springframework.boot.autoconfigure.orm.jpa.JpaBaseConfiguration$JpaWebConfiguration [main] spring.jpa.open-in-view is enabled by default. Therefore, database queries may be performed during view rendering. Explicitly configure spring.jpa.open-in-view to disable this warning
2022-09-29 11:53:00,756 [INFO] springfox.documentation.spring.web.PropertySourcedRequestMappingHandlerMapping [main] Mapped URL path [/v2/api-docs] onto method [springfox.documentation.swagger2.web.Swagger2Controller#getDocumentation(String, HttpServletRequest)]
2022-09-29 11:53:02,449 [INFO] org.springframework.boot.test.mock.web.SpringBootMockServletContext [main] Initializing Spring TestDispatcherServlet ''
2022-09-29 11:53:02,449 [INFO] org.springframework.test.web.servlet.TestDispatcherServlet [main] Initializing Servlet ''
2022-09-29 11:53:02,452 [INFO] org.springframework.test.web.servlet.TestDispatcherServlet [main] Completed initialization in 3 ms
2022-09-29 11:53:02,477 [INFO] springfox.documentation.spring.web.plugins.DocumentationPluginsBootstrapper [main] Context refreshed
2022-09-29 11:53:02,505 [INFO] springfox.documentation.spring.web.plugins.DocumentationPluginsBootstrapper [main] Found 1 custom documentation plugin(s)
2022-09-29 11:53:02,543 [INFO] springfox.documentation.spring.web.scanners.ApiListingReferenceScanner [main] Scanning for api listing references
2022-09-29 11:53:02,705 [INFO] springfox.documentation.spring.web.readers.operation.CachingOperationNameGenerator [main] Generating unique operation named: getCategoryUsingGET_1
2022-09-29 11:53:02,740 [INFO] springfox.documentation.spring.web.readers.operation.CachingOperationNameGenerator [main] Generating unique operation named: openapiJsonUsingGET_1
2022-09-29 11:53:02,744 [INFO] springfox.documentation.spring.web.readers.operation.CachingOperationNameGenerator [main] Generating unique operation named: openapiYamlUsingGET_1
2022-09-29 11:53:02,757 [INFO] springfox.documentation.spring.web.readers.operation.CachingOperationNameGenerator [main] Generating unique operation named: getProductUsingGET_1
2022-09-29 11:53:02,761 [INFO] springfox.documentation.spring.web.readers.operation.CachingOperationNameGenerator [main] Generating unique operation named: openapiJsonUsingGET_2
2022-09-29 11:53:02,792 [INFO] com.productcategoryapp.api.ProductControllerTests [main] Started ProductControllerTests in 7.465 seconds (JVM running for 8.775)
2022-09-29 11:53:02,849 [INFO] org.springframework.boot.availability.ApplicationAvailabilityBean [main] Application availability state LivenessState changed to CORRECT
2022-09-29 11:53:02,851 [INFO] org.springframework.boot.availability.ApplicationAvailabilityBean [main] Application availability state ReadinessState changed to ACCEPTING_TRAFFIC
2022-09-29 11:53:03,164 [INFO] org.springframework.mock.web.MockServletContext [main] Initializing Spring TestDispatcherServlet ''
2022-09-29 11:53:03,164 [INFO] org.springframework.test.web.servlet.TestDispatcherServlet [main] Initializing Servlet ''
2022-09-29 11:53:03,164 [INFO] org.springframework.test.web.servlet.TestDispatcherServlet [main] Completed initialization in 0 ms
2022-09-29 11:53:03,347 [INFO] org.springframework.mock.web.MockServletContext [main] Initializing Spring TestDispatcherServlet ''
2022-09-29 11:53:03,347 [INFO] org.springframework.test.web.servlet.TestDispatcherServlet [main] Initializing Servlet ''
2022-09-29 11:53:03,347 [INFO] org.springframework.test.web.servlet.TestDispatcherServlet [main] Completed initialization in 0 ms
2022-09-29 11:53:03,370 [INFO] org.springframework.mock.web.MockServletContext [main] Initializing Spring TestDispatcherServlet ''
2022-09-29 11:53:03,370 [INFO] org.springframework.test.web.servlet.TestDispatcherServlet [main] Initializing Servlet ''
2022-09-29 11:53:03,371 [INFO] org.springframework.test.web.servlet.TestDispatcherServlet [main] Completed initialization in 1 ms
2022-09-29 11:53:03,490 [WARN] org.springframework.web.servlet.mvc.support.DefaultHandlerExceptionResolver [main] Resolved [org.springframework.web.bind.MethodArgumentNotValidException: Validation failed for argument [0] in public org.springframework.http.ResponseEntity<com.productcategoryapp.api.utils.AppResponseProduct> com.productcategoryapp.api.controllers.ProductController.addProduct(com.productcategoryapp.api.payloads.ProductDto) with 4 errors: [Field error in object 'productDto' on field 'productName': rejected value []; codes [Size.productDto.productName,Size.productName,Size.java.lang.String,Size]; arguments [org.springframework.context.support.DefaultMessageSourceResolvable: codes [productDto.productName,productName]; arguments []; default message [productName],25,3]; default message [Name should be minimum 3 letters and maximum 25 letters]] [Field error in object 'productDto' on field 'productDesc': rejected value []; codes [NotEmpty.productDto.productDesc,NotEmpty.productDesc,NotEmpty.java.lang.String,NotEmpty]; arguments [org.springframework.context.support.DefaultMessageSourceResolvable: codes [productDto.productDesc,productDesc]; arguments []; default message [productDesc]]; default message [Description is mandatory]] [Field error in object 'productDto' on field 'productDesc': rejected value []; codes [Size.productDto.productDesc,Size.productDesc,Size.java.lang.String,Size]; arguments [org.springframework.context.support.DefaultMessageSourceResolvable: codes [productDto.productDesc,productDesc]; arguments []; default message [productDesc],100,5]; default message [Description should be minimum 5 letters and maximum 100 letters]] [Field error in object 'productDto' on field 'productName': rejected value []; codes [NotEmpty.productDto.productName,NotEmpty.productName,NotEmpty.java.lang.String,NotEmpty]; arguments [org.springframework.context.support.DefaultMessageSourceResolvable: codes [productDto.productName,productName]; arguments []; default message [productName]]; default message [Name is mandatory]] ]
2022-09-29 11:53:03,565 [INFO] org.springframework.mock.web.MockServletContext [main] Initializing Spring TestDispatcherServlet ''
2022-09-29 11:53:03,565 [INFO] org.springframework.test.web.servlet.TestDispatcherServlet [main] Initializing Servlet ''
2022-09-29 11:53:03,565 [INFO] org.springframework.test.web.servlet.TestDispatcherServlet [main] Completed initialization in 0 ms
2022-09-29 11:53:03,588 [WARN] org.springframework.web.servlet.mvc.support.DefaultHandlerExceptionResolver [main] Resolved [org.springframework.web.bind.MethodArgumentNotValidException: Validation failed for argument [0] in public org.springframework.http.ResponseEntity<com.productcategoryapp.api.utils.AppResponseProduct> com.productcategoryapp.api.controllers.ProductController.addProduct(com.productcategoryapp.api.payloads.ProductDto) with 2 errors: [Field error in object 'productDto' on field 'productBrand': rejected value []; codes [NotEmpty.productDto.productBrand,NotEmpty.productBrand,NotEmpty.java.lang.String,NotEmpty]; arguments [org.springframework.context.support.DefaultMessageSourceResolvable: codes [productDto.productBrand,productBrand]; arguments []; default message [productBrand]]; default message [Brand is mandatory]] [Field error in object 'productDto' on field 'productBrand': rejected value []; codes [Size.productDto.productBrand,Size.productBrand,Size.java.lang.String,Size]; arguments [org.springframework.context.support.DefaultMessageSourceResolvable: codes [productDto.productBrand,productBrand]; arguments []; default message [productBrand],25,1]; default message [Brand should be minimum 1 letter and maximum 25 letters]] ]
2022-09-29 11:53:03,607 [INFO] org.springframework.mock.web.MockServletContext [main] Initializing Spring TestDispatcherServlet ''
2022-09-29 11:53:03,608 [INFO] org.springframework.test.web.servlet.TestDispatcherServlet [main] Initializing Servlet ''
2022-09-29 11:53:03,608 [INFO] org.springframework.test.web.servlet.TestDispatcherServlet [main] Completed initialization in 0 ms
2022-09-29 11:53:03,631 [WARN] org.springframework.web.servlet.mvc.support.DefaultHandlerExceptionResolver [main] Resolved [org.springframework.web.bind.MethodArgumentNotValidException: Validation failed for argument [0] in public org.springframework.http.ResponseEntity<com.productcategoryapp.api.utils.AppResponseProduct> com.productcategoryapp.api.controllers.ProductController.addProduct(com.productcategoryapp.api.payloads.ProductDto): [Field error in object 'productDto' on field 'price': rejected value [0]; codes [Min.productDto.price,Min.price,Min.long,Min]; arguments [org.springframework.context.support.DefaultMessageSourceResolvable: codes [productDto.price,price]; arguments []; default message [price],10]; default message [Price must be greater than 10]] ]
2022-09-29 11:53:03,647 [INFO] org.springframework.mock.web.MockServletContext [main] Initializing Spring TestDispatcherServlet ''
2022-09-29 11:53:03,648 [INFO] org.springframework.test.web.servlet.TestDispatcherServlet [main] Initializing Servlet ''
2022-09-29 11:53:03,648 [INFO] org.springframework.test.web.servlet.TestDispatcherServlet [main] Completed initialization in 0 ms
2022-09-29 11:53:03,668 [WARN] org.springframework.web.servlet.mvc.support.DefaultHandlerExceptionResolver [main] Resolved [org.springframework.web.bind.MethodArgumentNotValidException: Validation failed for argument [0] in public org.springframework.http.ResponseEntity<com.productcategoryapp.api.utils.AppResponseProduct> com.productcategoryapp.api.controllers.ProductController.addProduct(com.productcategoryapp.api.payloads.ProductDto) with 5 errors: [Field error in object 'productDto' on field 'price': rejected value [0]; codes [Min.productDto.price,Min.price,Min.long,Min]; arguments [org.springframework.context.support.DefaultMessageSourceResolvable: codes [productDto.price,price]; arguments []; default message [price],10]; default message [Price must be greater than 10]] [Field error in object 'productDto' on field 'productName': rejected value []; codes [Size.productDto.productName,Size.productName,Size.java.lang.String,Size]; arguments [org.springframework.context.support.DefaultMessageSourceResolvable: codes [productDto.productName,productName]; arguments []; default message [productName],25,3]; default message [Name should be minimum 3 letters and maximum 25 letters]] [Field error in object 'productDto' on field 'productName': rejected value []; codes [NotEmpty.productDto.productName,NotEmpty.productName,NotEmpty.java.lang.String,NotEmpty]; arguments [org.springframework.context.support.DefaultMessageSourceResolvable: codes [productDto.productName,productName]; arguments []; default message [productName]]; default message [Name is mandatory]] [Field error in object 'productDto' on field 'productBrand': rejected value []; codes [NotEmpty.productDto.productBrand,NotEmpty.productBrand,NotEmpty.java.lang.String,NotEmpty]; arguments [org.springframework.context.support.DefaultMessageSourceResolvable: codes [productDto.productBrand,productBrand]; arguments []; default message [productBrand]]; default message [Brand is mandatory]] [Field error in object 'productDto' on field 'productBrand': rejected value []; codes [Size.productDto.productBrand,Size.productBrand,Size.java.lang.String,Size]; arguments [org.springframework.context.support.DefaultMessageSourceResolvable: codes [productDto.productBrand,productBrand]; arguments []; default message [productBrand],25,1]; default message [Brand should be minimum 1 letter and maximum 25 letters]] ]
2022-09-29 11:53:03,685 [INFO] org.springframework.mock.web.MockServletContext [main] Initializing Spring TestDispatcherServlet ''
2022-09-29 11:53:03,685 [INFO] org.springframework.test.web.servlet.TestDispatcherServlet [main] Initializing Servlet ''
2022-09-29 11:53:03,686 [INFO] org.springframework.test.web.servlet.TestDispatcherServlet [main] Completed initialization in 1 ms
2022-09-29 11:53:03,733 [INFO] org.springframework.mock.web.MockServletContext [main] Initializing Spring TestDispatcherServlet ''
2022-09-29 11:53:03,733 [INFO] org.springframework.test.web.servlet.TestDispatcherServlet [main] Initializing Servlet ''
2022-09-29 11:53:03,733 [INFO] org.springframework.test.web.servlet.TestDispatcherServlet [main] Completed initialization in 0 ms
2022-09-29 11:53:03,768 [INFO] org.springframework.mock.web.MockServletContext [main] Initializing Spring TestDispatcherServlet ''
2022-09-29 11:53:03,768 [INFO] org.springframework.test.web.servlet.TestDispatcherServlet [main] Initializing Servlet ''
2022-09-29 11:53:03,768 [INFO] org.springframework.test.web.servlet.TestDispatcherServlet [main] Completed initialization in 0 ms
